2021/11/10 20:30:00 Info Начало работы.
2021/11/10 20:30:01 login: 058-338-489 97  password: sw56GGhh2hj2!
2021/11/10 20:31:00 Найдено  123 сообщений "Запрос на активацию корпоративной сим-карты"
2021/11/10 20:31:18 1 +7(921)7143262 отправлено ранее
2021/11/10 20:31:32 2 +7(921)8220873 отправлено ранее
2021/11/10 20:31:39 3 +7(921)1317068 отправлено ранее
2021/11/10 20:31:46 4 +7(921)8225520 отправлено ранее
2021/11/10 20:31:57 5 +7(921)8220904 отправлено ранее
2021/11/10 20:32:06 6 +7(921)8295351 отправлено ранее
2021/11/10 20:32:12 7 +7(921)8220885 отправлено ранее
2021/11/10 20:32:18 8 +7(920)1025611 отправлено ранее
2021/11/10 20:32:24 9 +7(921)8225521 отправлено ранее
2021/11/10 20:32:32 10 +7(921)8225484 отправлено ранее
2021/11/10 20:32:39 11 +7(921)1316982 отправлено ранее
2021/11/10 20:32:48 12 +7(921)8266231 отправлено ранее
2021/11/10 20:32:55 13 +7(921)5322373 отправлено ранее
2021/11/10 20:33:02 14 +7(921)8223733 отправлено ранее
2021/11/10 20:33:10 15 +7(921)8225474 отправлено ранее
2021/11/10 20:33:18 16 +7(921)8225499 отправлено ранее
2021/11/10 20:33:26 17 +7(921)8242698 отправлено ранее
2021/11/10 20:33:34 18 +7(921)8225475 отправлено ранее
2021/11/10 20:33:43 19 +7(921)0662951 отправлено ранее
2021/11/10 20:33:50 20 +7(921)8257825 отправлено ранее
2021/11/10 20:33:58 21 +7(921)8242639 отправлено ранее
2021/11/10 20:34:05 22 +7(921)0662968 отправлено ранее
2021/11/10 20:34:11 23 +7(921)2358165 отправлено ранее
2021/11/10 20:34:18 24 +7(921)0662799 отправлено ранее
2021/11/10 20:34:25 25 +7(921)8225518 отправлено ранее
2021/11/10 20:34:31 26 +7(921)8220874 отправлено ранее
2021/11/10 20:34:38 27 +7(921)2325300 отправлено ранее
2021/11/10 20:34:43 28 +7(920)1041173 отправлено ранее
2021/11/10 20:34:50 29 +7(920)1037793 отправлено ранее
2021/11/10 20:34:56 30 +7(921)0664632 отправлено ранее
2021/11/10 20:35:03 31 +7(921)0662644 отправлено ранее
2021/11/10 20:35:10 32 +7(921)8223758 отправлено ранее
2021/11/10 20:35:16 33 +7(921)0663589 отправлено ранее
2021/11/10 20:35:22 34 +7(921)8220876 отправлено ранее
2021/11/10 20:35:29 35 +7(921)8220911 отправлено ранее
2021/11/10 20:35:36 36 +7(921)8225490 отправлено ранее
2021/11/10 20:35:41 37 +7(921)0662736 отправлено ранее
2021/11/10 20:35:48 38 +7(921)8225512 отправлено ранее
2021/11/10 20:35:54 39 +7(921)8225488 отправлено ранее
2021/11/10 20:36:01 40 +7(921)0663194 отправлено ранее
2021/11/10 20:36:09 41 +7(921)8317607 отправлено ранее
2021/11/10 20:36:15 42 +7(921)8236428 отправлено ранее
2021/11/10 20:36:23 43 +7(921)2326100 отправлено ранее
2021/11/10 20:36:30 44 +7(921)8220893 отправлено ранее
2021/11/10 20:36:39 45 +7(921)8223764 отправлено ранее
2021/11/10 20:36:45 46 +7(921)0664865 отправлено ранее
2021/11/10 20:36:52 47 +7(921)8220910 отправлено ранее
2021/11/10 20:37:01 48 +7(921)8225487 отправлено ранее
2021/11/10 20:37:10 49 +7(921)8295457 отправлено ранее
2021/11/10 20:37:20 50 +7(931)5011918 отправлено ранее
2021/11/10 20:37:30 51 +7(921)8220905 отправлено ранее
2021/11/10 20:37:37 52 +7(921)8220867 отправлено ранее
2021/11/10 20:37:45 53 +7(921)0664698 отправлено ранее
2021/11/10 20:37:53 54 +7(921)8346097 отправлено ранее
2021/11/10 20:38:06 55 +7(921)8236476 отправлено ранее
2021/11/10 20:38:16 56 +7(921)0663447 отправлено ранее
2021/11/10 20:38:25 57 +7(921)1289091 отправлено ранее
2021/11/10 20:38:33 58 +7(921)0662712 отправлено ранее
2021/11/10 20:38:41 59 +7(921)0663729 отправлено ранее
2021/11/10 20:38:48 60 +7(921)1317143 отправлено ранее
2021/11/10 20:38:59 61 +7(921)0683229 отправлено ранее
2021/11/10 20:39:10 62 +7(921)8220895 отправлено ранее
2021/11/10 20:39:18 63 +7(921)8225489 отправлено ранее
2021/11/10 20:39:26 64 +7(921)0683266 отправлено ранее
2021/11/10 20:39:36 65 +7(921)0664839 отправлено ранее
2021/11/10 20:39:48 66 +7(921)8225505 отправлено ранее
2021/11/10 20:39:54 67 +7(921)7131594 отправлено ранее
2021/11/10 20:40:03 68 +7(921)8225506 отправлено ранее
2021/11/10 20:40:10 69 +7(920)1037721 отправлено ранее
2021/11/10 20:40:19 70 +7(921)8225486 отправлено ранее
2021/11/10 20:40:28 71 +7(921)8223736 отправлено ранее
2021/11/10 20:40:35 72 +7(931)5008968 отправлено ранее
2021/11/10 20:40:44 73 +7(921)7131712 отправлено ранее
2021/11/10 20:40:54 74 +7(921)8220875 отправлено ранее
2021/11/10 20:41:06 75 +7(921)8313857 отправлено ранее
2021/11/10 20:41:17 76 +7(921)8225480 отправлено ранее
2021/11/10 20:41:25 77 +7(921)8242623 отправлено ранее
2021/11/10 20:41:34 78 +7(921)8242697 отправлено ранее
2021/11/10 20:41:41 79 +7(921)0664763 отправлено ранее
2021/11/10 20:41:48 80 +7(921)0662893 отправлено ранее
2021/11/10 20:41:55 81 +7(921)1289076 отправлено ранее
2021/11/10 20:42:04 82 +7(921)8223766 отправлено ранее
2021/11/10 20:42:11 83 +7(921)8225479 отправлено ранее
2021/11/10 20:42:20 84 +7(921)8240872 отправлено ранее
2021/11/10 20:42:28 85 +7(921)8220879 отправлено ранее
2021/11/10 20:42:36 86 +7(921)8295215 отправлено ранее
2021/11/10 20:42:43 87 +7(920)1033154 отправлено ранее
2021/11/10 20:42:50 88 +7(921)0663284 отправлено ранее
2021/11/10 20:42:58 89 +7(921)5322379 отправлено ранее
2021/11/10 20:43:05 90 +7(921)8225523 отправлено ранее
2021/11/10 20:43:15 91 +7(921)8223759 отправлено ранее
2021/11/10 20:43:24 92 +7(921)8225491 отправлено ранее
2021/11/10 20:43:31 93 +7(921)0683107 отправлено ранее
2021/11/10 20:43:42 94 +7(931)5053492 отправлено сейчас
2021/11/10 20:43:54 95 +7(921)0663779 отправлено сейчас
2021/11/10 20:44:04 96 +7(921)8225519 отправлено сейчас
2021/11/10 20:44:14 97 +7(920)1040530 отправлено сейчас
2021/11/10 20:44:25 98 +7(921)0664560 отправлено сейчас
2021/11/10 20:44:36 99 +7(921)8225495 отправлено сейчас
2021/11/10 20:44:47 100 +7(920)1028582 отправлено сейчас
2021/11/10 20:45:00 101 +7(921)8223762 отправлено сейчас
2021/11/10 20:45:10 102 +7(921)8225502 отправлено сейчас
2021/11/10 20:45:21 103 +7(921)8220871 отправлено сейчас
2021/11/10 20:45:30 104 +7(931)5053491 отправлено сейчас
2021/11/10 20:45:40 105 +7(921)8344757 отправлено сейчас
2021/11/10 20:45:50 106 +7(921)0663207 отправлено сейчас
2021/11/10 20:45:59 107 +7(921)8225509 отправлено сейчас
2021/11/10 20:46:08 108 +7(921)8225496 отправлено сейчас
2021/11/10 20:46:20 109 +7(921)0662758 отправлено сейчас
2021/11/10 20:46:29 110 +7(920)1042138 отправлено сейчас
2021/11/10 20:46:38 111 +7(931)5008938 отправлено сейчас
2021/11/10 20:46:48 112 +7(921)8257759 отправлено сейчас
2021/11/10 20:47:00 113 +7(921)8330139 отправлено сейчас
2021/11/10 20:47:10 114 +7(921)8225482 отправлено сейчас
2021/11/10 20:47:21 115 +7(921)8220869 отправлено сейчас
2021/11/10 20:47:30 116 +7(921)8257783 отправлено сейчас
2021/11/10 20:47:41 117 +7(921)8313717 отправлено сейчас
2021/11/10 20:47:51 118 +7(921)8223761 отправлено сейчас
2021/11/10 20:48:02 119 +7(921)5343259 отправлено сейчас
2021/11/10 20:48:13 120 +7(920)1034840 отправлено сейчас
2021/11/10 20:48:22 121 +7(931)5053493 отправлено сейчас
2021/11/10 20:48:33 122 +7(921)8225517 отправлено сейчас
2021/11/10 20:48:44 123 +7(921)8225514 отправлено сейчас
2021/11/10 20:48:44 End  <nil>
2021/11/19 19:54:14 Info Начало работы.
2021/11/19 19:54:14 login: 000-111-222 33  password: test_pass
2021/11/19 19:54:47 Найдено  0 сообщений "Запрос на активацию корпоративной сим-карты"
2021/11/19 19:54:47 End  <nil>
2021/11/19 19:55:51 Info Начало работы.
2021/11/19 19:55:52 login: 058-338-489 97  password: sw56GGhh2hj2!
2021/11/19 19:56:24 Найдено  0 сообщений "Запрос на активацию корпоративной сим-карты"
2021/11/19 19:56:24 End  <nil>
2021/11/19 19:57:17 Info Начало работы.
2021/11/19 19:57:17 config.ini [gosuslugi.ru]login: 058-338-489 97
2021/11/19 19:57:49 Найдено  0 сообщений "Запрос на активацию корпоративной сим-карты"
2021/11/19 19:57:49 End  <nil>
2021/11/19 20:03:13 Info Начало работы.
2021/11/19 20:03:14 config.ini [gosuslugi.ru]login: 058-338-489 97
2021/11/19 20:22:56 Info Начало работы.
2021/11/19 20:22:57 config.ini [gosuslugi.ru]login: 058-338-489 97
2021/11/19 20:30:25 Info Начало работы.
2021/11/19 20:30:25 config.ini [gosuslugi.ru]login: 058-338-489 97
2021/11/19 20:32:37 Info Начало работы.
2021/11/19 20:32:37 config.ini [gosuslugi.ru]login: 058-338-489 97
2021/11/19 20:33:09 Найдено  0 сообщений "Запрос на активацию корпоративной сим-карты"
2021/11/19 20:33:09 End  <nil>
2021/11/19 20:40:07 Info Начало работы.
2021/11/19 20:40:07 config.ini [gosuslugi.ru]login: 058-338-489 97
2021/11/19 20:41:36 Найдено  125 сообщений "Запрос на активацию корпоративной сим-карты"
2021/11/19 20:41:50 1 +7(953)5248000
2021/11/19 20:41:50 invalid selector: invalid selector: Unable to locate an element with the xpath expression  because of the following error:
SyntaxError: Failed to execute 'evaluate' on 'Document': The string '' is not a valid XPath expression.
  (Session info: chrome=96.0.4664.45)
2021/11/19 20:41:50 End  invalid selector: invalid selector: Unable to locate an element with the xpath expression  because of the following error:
SyntaxError: Failed to execute 'evaluate' on 'Document': The string '' is not a valid XPath expression.
  (Session info: chrome=96.0.4664.45)
2021/11/19 20:56:38 Info Начало работы.
2021/11/19 20:56:38 config.ini [gosuslugi.ru]login: 058-338-489 97
2021/11/19 20:56:57 Не найден 
2021/11/19 21:01:00 Info Начало работы.
2021/11/19 21:01:00 config.ini [gosuslugi.ru]login: 058-338-489 97
2021/11/19 21:01:35 Не найден 
2021/11/19 21:02:00 Info Начало работы.
2021/11/19 21:02:00 config.ini [gosuslugi.ru]login: 058-338-489 97
2021/11/19 21:04:38 Info Начало работы.
2021/11/19 21:04:38 config.ini [gosuslugi.ru]login: 058-338-489 97
2021/11/19 21:04:58 Info Начало работы.
2021/11/19 21:04:59 config.ini [gosuslugi.ru]login: 058-338-489 97
2021/11/19 21:06:13 Не найден //span[text()="Показать больше"]
2021/11/19 21:06:14 Найдено  125 сообщений "Запрос на активацию корпоративной сим-карты"
2021/11/19 21:06:29 1 +7(953)5248000 отправлено сейчас
2021/11/19 21:06:35 2 +7(951)7348251 отправлено ранее
2021/11/19 21:06:40 3 +7(921)7143262 отправлено ранее
2021/11/19 21:06:45 4 +7(921)8220873 отправлено ранее
2021/11/19 21:06:50 5 +7(921)1317068 отправлено ранее
2021/11/19 22:00:37 Info Начало работы.
2021/11/19 22:00:38 Login в переменной окружения  gosuslugi_login 
2021/11/19 22:00:38 password в переменной окружения  gosuslugi_password
2021/11/19 22:07:46 Info Начало работы.
2021/11/19 22:07:46 Нет переменной окружения gosuslugi_login
2021/11/19 22:07:53 Info Начало работы.
2021/11/19 22:07:53 login в переменной окружения  gosuslugi_login 
2021/11/19 22:07:53 password в переменной окружения  gosuslugi_password
2021/11/19 22:08:19 Не найден //p[contains(text(),"Частное лицо")]
2021/11/19 22:08:32 Найдено  0 сообщений "Запрос на активацию корпоративной сим-карты"
2021/11/19 22:08:32 End  <nil>
2021/11/19 22:08:55 Info Начало работы.
2021/11/19 22:11:39 Info Начало работы.
2021/11/19 22:11:39 login в переменной окружения  gosuslugi_login 058-338-48997
2021/11/19 22:11:39 password в переменной окружения  gosuslugi_password
2021/11/19 22:12:26 Не найден //span[text()="Показать больше"]
2021/11/19 22:12:28 Найдено  125 сообщений "Запрос на активацию корпоративной сим-карты"
2021/11/19 22:12:38 1 +7(953)5248000 отправлено ранее
2021/11/19 22:12:46 2 +7(951)7348251 отправлено ранее
2021/11/19 22:12:52 3 +7(921)7143262 отправлено ранее
2021/11/19 22:12:57 4 +7(921)8220873 отправлено ранее
2021/11/19 22:13:11 5 +7(921)1317068 отправлено ранее
2021/11/19 22:13:16 6 +7(921)8225520 отправлено ранее
2021/11/19 22:13:21 7 +7(921)8220904 отправлено ранее
2021/11/19 22:13:29 8 +7(921)8295351 отправлено ранее
2021/11/19 22:13:34 9 +7(921)8220885 отправлено ранее
2021/11/19 22:13:40 10 +7(920)1025611 отправлено ранее
2021/11/19 22:13:45 11 +7(921)8225521 отправлено ранее
2021/11/19 22:13:50 12 +7(921)8225484 отправлено ранее
2021/11/19 22:13:55 13 +7(921)1316982 отправлено ранее
2021/11/19 22:14:01 14 +7(921)8266231 отправлено ранее
2021/11/19 22:14:06 15 +7(921)5322373 отправлено ранее
2021/11/19 22:14:10 16 +7(921)8223733 отправлено ранее
2021/11/19 22:14:22 17 +7(921)8225474 отправлено ранее
2021/11/19 22:14:30 18 +7(921)8225499 отправлено ранее
2021/11/19 22:14:35 19 +7(921)8242698 отправлено ранее
2021/11/19 22:14:42 20 +7(921)8225475 отправлено ранее
2021/11/19 22:14:49 21 +7(921)0662951 отправлено ранее
2021/11/19 22:14:57 22 +7(921)8257825 отправлено ранее
2021/11/19 22:15:02 23 +7(921)8242639 отправлено ранее
2021/11/19 22:15:09 24 +7(921)0662968 отправлено ранее
2021/11/19 22:15:14 25 +7(921)2358165 отправлено ранее
2021/11/19 22:15:21 26 +7(921)0662799 отправлено ранее
2021/11/19 22:15:26 27 +7(921)8225518 отправлено ранее
2021/11/19 22:15:30 28 +7(921)8220874 отправлено ранее
2021/11/19 22:15:35 29 +7(921)2325300 отправлено ранее
2021/11/19 22:15:40 30 +7(920)1041173 отправлено ранее
2021/11/19 22:15:45 31 +7(920)1037793 отправлено ранее
2021/11/19 22:15:50 32 +7(921)0664632 отправлено ранее
2021/11/19 22:15:55 33 +7(921)0662644 отправлено ранее
2021/11/19 22:16:00 34 +7(921)8223758 отправлено ранее
2021/11/19 22:16:06 35 +7(921)0663589 отправлено ранее
2021/11/19 22:16:11 36 +7(921)8220876 отправлено ранее
2021/11/19 22:16:17 37 +7(921)8220911 отправлено ранее
2021/11/19 22:16:23 38 +7(921)8225490 отправлено ранее
2021/11/19 22:16:28 39 +7(921)0662736 отправлено ранее
2021/11/19 22:16:33 40 +7(921)8225512 отправлено ранее
2021/11/19 22:16:37 41 +7(921)8225488 отправлено ранее
2021/11/19 22:16:44 42 +7(921)0663194 отправлено ранее
2021/11/19 22:16:51 43 +7(921)8317607 отправлено ранее
2021/11/19 22:16:57 44 +7(921)8236428 отправлено ранее
2021/11/19 22:17:01 45 +7(921)2326100 отправлено ранее
2021/11/19 22:17:06 46 +7(921)8220893 отправлено ранее
2021/11/19 22:17:20 47 +7(921)8223764
2021/11/19 22:17:20 не найден ни один элемент xpath
2021/11/19 22:17:20 End  не найден ни один элемент xpath
2021/11/20 10:07:43 Info Начало работы.
2021/11/20 10:07:43 login, password:  
2021/11/20 10:09:01 Info Начало работы.
2021/11/20 10:13:03 Info Начало работы.
2021/11/20 10:14:08 Info Начало работы.
2021/11/20 10:14:08 login, password: 058-338-48997 *************
2021/11/20 10:15:40 Info Начало работы.
2021/11/20 10:15:41 login, password: 058-338-48997 *************
2021/11/20 10:16:26 Не найден //p[contains(text(),"Частное лицо")]
2021/11/20 10:16:37 Найдено  0 сообщений "Запрос на активацию корпоративной сим-карты"
2021/11/20 10:16:37 End  <nil>
2021/11/20 10:26:19 Info Начало работы.
2021/11/20 10:26:19 login, password: 058-338-48997 *************
2021/11/20 10:27:51 Не найден //span[text()="Показать больше"]
2021/11/20 10:27:52 Найдено  126 сообщений "Запрос на активацию корпоративной сим-карты"
2021/11/20 10:28:06 1 +7(992)2874211 отправлено сейчас
2021/11/20 10:28:13 2 +7(953)5248000 отправлено ранее
2021/11/20 10:28:19 3 +7(951)7348251 отправлено ранее
2021/11/20 10:28:24 4 +7(921)7143262 отправлено ранее
2021/11/20 10:28:29 5 +7(921)8220873 отправлено ранее
2021/11/20 10:28:33 6 +7(921)1317068 отправлено ранее
2021/11/20 10:28:38 7 +7(921)8225520 отправлено ранее
2021/11/20 10:28:43 8 +7(921)8220904 отправлено ранее
2021/11/20 10:28:47 9 +7(921)8295351 отправлено ранее
2021/11/20 10:28:52 10 +7(921)8220885 отправлено ранее
2021/11/20 10:28:56 11 +7(920)1025611 отправлено ранее
2021/11/20 10:29:02 12 +7(921)8225521 отправлено ранее
2021/11/20 10:29:06 13 +7(921)8225484 отправлено ранее
2021/11/20 10:29:11 14 +7(921)1316982 отправлено ранее
2021/11/20 10:29:15 15 +7(921)8266231 отправлено ранее
2021/11/20 10:29:20 16 +7(921)5322373 отправлено ранее
2021/11/20 10:29:26 17 +7(921)8223733 отправлено ранее
2021/11/20 10:29:30 18 +7(921)8225474 отправлено ранее
2021/11/20 10:29:34 19 +7(921)8225499 отправлено ранее
2021/11/20 10:29:39 20 +7(921)8242698 отправлено ранее
2021/11/20 10:29:44 21 +7(921)8225475 отправлено ранее
2021/11/20 10:29:48 22 +7(921)0662951 отправлено ранее
2021/11/20 10:29:55 23 +7(921)8257825 отправлено ранее
2021/11/20 10:30:00 24 +7(921)8242639 отправлено ранее
2021/12/01 10:23:21 Info Начало работы.
2021/12/01 10:23:21 Нет переменной окружения 
2021/12/01 10:24:10 Info Начало работы.
2021/12/01 10:24:10 login, password: 058-338-48997 *************
2021/12/01 10:25:36 Не найден //span[text()="Показать больше"]
2021/12/01 10:25:38 Найдено  126 сообщений "Запрос на активацию корпоративной сим-карты"
2021/12/01 10:25:50 1 +7(992)2874211 отправлено ранее
2021/12/01 10:25:57 2 +7(953)5248000 отправлено ранее
2021/12/01 10:26:03 3 +7(951)7348251 отправлено ранее
2021/12/01 10:26:09 4 +7(921)7143262 отправлено ранее
2021/12/01 10:26:13 5 +7(921)8220873 отправлено ранее
2021/12/01 10:26:18 6 +7(921)1317068 отправлено ранее
2021/12/01 10:26:30 7 +7(921)8225520 отправлено ранее
2021/12/01 10:26:34 8 +7(921)8220904 отправлено ранее
2021/12/01 10:26:41 9 +7(921)8295351 отправлено ранее
2021/12/01 10:26:47 10 +7(921)8220885 отправлено ранее
2021/12/01 10:26:51 11 +7(920)1025611 отправлено ранее
2021/12/01 10:26:56 12 +7(921)8225521 отправлено ранее
2021/12/01 10:27:01 13 +7(921)8225484 отправлено ранее
2021/12/01 10:27:07 14 +7(921)1316982 отправлено ранее
2021/12/01 10:27:12 15 +7(921)8266231 отправлено ранее
2021/12/01 10:27:18 16 +7(921)5322373 отправлено ранее
2021/12/01 10:27:23 17 +7(921)8223733 отправлено ранее
2021/12/01 10:27:29 18 +7(921)8225474 отправлено ранее
2021/12/01 10:27:33 19 +7(921)8225499 отправлено ранее
2021/12/01 10:27:40 20 +7(921)8242698 отправлено ранее
2021/12/01 10:27:45 21 +7(921)8225475 отправлено ранее
2021/12/01 10:27:50 22 +7(921)0662951 отправлено ранее
2021/12/01 10:28:06 23 +7(921)8257825 отправлено ранее
2021/12/01 10:28:12 24 +7(921)8242639 отправлено ранее
2021/12/01 10:28:18 25 +7(921)0662968 отправлено ранее
2021/12/01 10:28:23 26 +7(921)2358165 отправлено ранее
2021/12/01 10:28:28 27 +7(921)0662799 отправлено ранее
2021/12/01 10:28:33 28 +7(921)8225518 отправлено ранее
2021/12/01 10:28:39 29 +7(921)8220874 отправлено ранее
2021/12/01 10:28:43 30 +7(921)2325300 отправлено ранее
2021/12/01 10:28:50 31 +7(920)1041173 отправлено ранее
2021/12/01 10:28:55 32 +7(920)1037793 отправлено ранее
2021/12/01 10:29:00 33 +7(921)0664632 отправлено ранее
2021/12/01 10:29:06 34 +7(921)0662644 отправлено ранее
2021/12/01 10:29:11 35 +7(921)8223758 отправлено ранее
2021/12/01 10:29:16 36 +7(921)0663589 отправлено ранее
2021/12/01 10:29:20 37 +7(921)8220876 отправлено ранее
2021/12/01 10:29:25 38 +7(921)8220911 отправлено ранее
2021/12/01 10:29:30 39 +7(921)8225490 отправлено ранее
2021/12/01 10:29:35 40 +7(921)0662736 отправлено ранее
2021/12/01 10:29:40 41 +7(921)8225512 отправлено ранее
2021/12/01 10:29:46 42 +7(921)8225488 отправлено ранее
2021/12/01 10:29:50 43 +7(921)0663194 отправлено ранее
2021/12/01 10:29:55 44 +7(921)8317607 отправлено ранее
2021/12/01 10:30:00 45 +7(921)8236428 отправлено ранее
2021/12/01 10:30:05 46 +7(921)2326100 отправлено ранее
2021/12/01 10:30:39 47 +7(921)8220893
2021/12/01 10:30:39 не найден ни один элемент xpath
2021/12/01 10:30:39 End  не найден ни один элемент xpath
